0 info it worked if it ends with ok
1 verbose cli [ '/usr/bin/node', '/usr/bin/npm', 'search', 'forever-monitor' ]
2 info using npm@3.10.10
3 info using node@v6.14.2
4 silly mapToRegistry name -/all
5 silly mapToRegistry using default registry
6 silly mapToRegistry registry https://registry.npmjs.org/
7 silly mapToRegistry data Result {
7 silly mapToRegistry   raw: '-/all',
7 silly mapToRegistry   scope: null,
7 silly mapToRegistry   escapedName: null,
7 silly mapToRegistry   name: null,
7 silly mapToRegistry   rawSpec: '-/all',
7 silly mapToRegistry   spec: '-/all',
7 silly mapToRegistry   type: 'local' }
8 silly mapToRegistry uri https://registry.npmjs.org/-/all
9 info updateIndex /root/.npm/registry.npmjs.org/-/all/.cache.json
10 verbose correctMkdir /root/.npm correctMkdir not in flight; initializing
11 warn Building the local index for the first time, please be patient
12 silly update-index fetching https://registry.npmjs.org/-/all
13 verbose request uri https://registry.npmjs.org/-/all
14 verbose request no auth needed
15 info attempt registry request try #1 at 10:15:59 AM
16 verbose request id b2358e9ff73566e5
17 http request GET https://registry.npmjs.org/-/all
18 info retry will retry, error on last attempt: Error: getaddrinfo EAI_AGAIN registry.npmjs.org:443
19 info attempt registry request try #2 at 10:16:09 AM
20 http request GET https://registry.npmjs.org/-/all
21 info retry will retry, error on last attempt: Error: getaddrinfo EAI_AGAIN registry.npmjs.org:443
22 info attempt registry request try #3 at 10:17:09 AM
23 http request GET https://registry.npmjs.org/-/all
24 verbose stack Error: getaddrinfo EAI_AGAIN registry.npmjs.org:443
24 verbose stack     at Object.exports._errnoException (util.js:1020:11)
24 verbose stack     at errnoException (dns.js:33:15)
24 verbose stack     at GetAddrInfoReqWrap.onlookup [as oncomplete] (dns.js:76:26)
25 verbose cwd /opt/mysql-cdr-api/node_test
26 error Linux 3.10.0-862.3.2.el7.x86_64
27 error argv "/usr/bin/node" "/usr/bin/npm" "search" "forever-monitor"
28 error node v6.14.2
29 error npm  v3.10.10
30 error code EAI_AGAIN
31 error errno EAI_AGAIN
32 error syscall getaddrinfo
33 error getaddrinfo EAI_AGAIN registry.npmjs.org:443
34 error If you need help, you may report this error at:
34 error     <https://github.com/npm/npm/issues>
35 verbose exit [ 1, true ]
